[0.012s] Invoking command in '/home/shadygm/projects/Photo-SLAM-ROS/build/photo-slam-ros': CMAKE_PREFIX_PATH=${CMAKE_PREFIX_PATH}:/opt/ros/humble /usr/bin/cmake --build /home/shadygm/projects/Photo-SLAM-ROS/build/photo-slam-ros -- -j16 -l16
[0.057s] [35m[1mConsolidate compiler generated dependencies of target imgui[0m
[0.060s] [35m[1mConsolidate compiler generated dependencies of target simple_knn[0m
[0.067s] [35m[1mConsolidate compiler generated dependencies of target cuda_rasterizer[0m
[0.075s] [ 17%] Built target imgui
[0.149s] [ 23%] Built target simple_knn
[0.184s] [ 39%] Built target cuda_rasterizer
[0.219s] [35m[1mConsolidate compiler generated dependencies of target gaussian_mapper[0m
[0.406s] [ 41%] [32mBuilding CXX object CMakeFiles/gaussian_mapper.dir/src/gaussian_ros_publisher.cpp.o[0m
[0.414s] [01m[K/home/shadygm/projects/Photo-SLAM-ROS/src/gaussian_ros_publisher.cpp:1:10:[m[K [01;31m[Kfatal error: [m[Kinclude/gaussian_publisher.hpp: No such file or directory
[0.414s]     1 | #include [01;31m[K"include/gaussian_publisher.hpp"[m[K
[0.414s]       |          [01;31m[K^~~~~~~~~~~~~~~~~~~~~~~~~~~~~~~~[m[K
[0.414s] compilation terminated.
[0.415s] gmake[2]: *** [CMakeFiles/gaussian_mapper.dir/build.make:202: CMakeFiles/gaussian_mapper.dir/src/gaussian_ros_publisher.cpp.o] Error 1
[0.416s] gmake[1]: *** [CMakeFiles/Makefile2:238: CMakeFiles/gaussian_mapper.dir/all] Error 2
[0.416s] gmake: *** [Makefile:146: all] Error 2
[0.418s] Invoked command in '/home/shadygm/projects/Photo-SLAM-ROS/build/photo-slam-ros' returned '2': CMAKE_PREFIX_PATH=${CMAKE_PREFIX_PATH}:/opt/ros/humble /usr/bin/cmake --build /home/shadygm/projects/Photo-SLAM-ROS/build/photo-slam-ros -- -j16 -l16
