[0.012s] Invoking command in '/home/shadygm/projects/Photo-SLAM-ROS/build/photo-slam-ros': CMAKE_PREFIX_PATH=${CMAKE_PREFIX_PATH}:/opt/ros/humble /usr/bin/cmake --build /home/shadygm/projects/Photo-SLAM-ROS/build/photo-slam-ros -- -j16 -l16
[0.072s] [ 17%] Built target imgui
[0.122s] [ 23%] Built target simple_knn
[0.130s] [ 39%] Built target cuda_rasterizer
[0.240s] [ 41%] [32mBuilding CXX object CMakeFiles/gaussian_mapper.dir/src/gaussian_ros_publisher.cpp.o[0m
[0.284s] In file included from [01m[K/home/shadygm/projects/Photo-SLAM-ROS/src/gaussian_ros_publisher.cpp:1[m[K:
[0.285s] [01m[K/home/shadygm/projects/Photo-SLAM-ROS/include/gaussian_ros_publisher.h:7:10:[m[K [01;31m[Kfatal error: [m[Kgaussian_interface/msg/gaussian_array.hpp: No such file or directory
[0.285s]     7 | #include [01;31m[K"gaussian_interface/msg/gaussian_array.hpp"[m[K
[0.285s]       |          [01;31m[K^~~~~~~~~~~~~~~~~~~~~~~~~~~~~~~~~~~~~~~~~~~[m[K
[0.285s] compilation terminated.
[0.290s] gmake[2]: *** [CMakeFiles/gaussian_mapper.dir/build.make:202: CMakeFiles/gaussian_mapper.dir/src/gaussian_ros_publisher.cpp.o] Error 1
[0.290s] gmake[1]: *** [CMakeFiles/Makefile2:238: CMakeFiles/gaussian_mapper.dir/all] Error 2
[0.290s] gmake: *** [Makefile:146: all] Error 2
[0.293s] Invoked command in '/home/shadygm/projects/Photo-SLAM-ROS/build/photo-slam-ros' returned '2': CMAKE_PREFIX_PATH=${CMAKE_PREFIX_PATH}:/opt/ros/humble /usr/bin/cmake --build /home/shadygm/projects/Photo-SLAM-ROS/build/photo-slam-ros -- -j16 -l16
