[0.012s] Invoking command in '/home/shadygm/projects/Photo-SLAM-ROS/build/photo-slam-ros': CMAKE_PREFIX_PATH=${CMAKE_PREFIX_PATH}:/opt/ros/humble /usr/bin/cmake /home/shadygm/projects/Photo-SLAM-ROS -DCMAKE_BUILD_TYPE=Release -DAMENT_CMAKE_SYMLINK_INSTALL=1 -DCMAKE_INSTALL_PREFIX=/home/shadygm/projects/Photo-SLAM-ROS/install/photo-slam-ros
[0.023s] -- Found ament_cmake: 1.3.11 (/opt/ros/humble/share/ament_cmake/cmake)
[0.123s] -- Override CMake install command with custom implementation using symlinks instead of copying resources
[0.130s] -- Found rclcpp: 16.0.12 (/opt/ros/humble/share/rclcpp/cmake)
[0.154s] -- Found rosidl_generator_c: 3.1.6 (/opt/ros/humble/share/rosidl_generator_c/cmake)
[0.156s] -- Found rosidl_adapter: 3.1.6 (/opt/ros/humble/share/rosidl_adapter/cmake)
[0.161s] -- Found rosidl_generator_cpp: 3.1.6 (/opt/ros/humble/share/rosidl_generator_cpp/cmake)
[0.169s] -- Using all available rosidl_typesupport_c: rosidl_typesupport_fastrtps_c;rosidl_typesupport_introspection_c
[0.180s] -- Using all available rosidl_typesupport_cpp: rosidl_typesupport_fastrtps_cpp;rosidl_typesupport_introspection_cpp
[0.207s] -- Found rmw_implementation_cmake: 6.1.2 (/opt/ros/humble/share/rmw_implementation_cmake/cmake)
[0.208s] -- Found rmw_fastrtps_cpp: 6.2.7 (/opt/ros/humble/share/rmw_fastrtps_cpp/cmake)
[0.314s] -- Using RMW implementation 'rmw_fastrtps_cpp' as default
[0.354s] -- Found sensor_msgs: 4.8.0 (/opt/ros/humble/share/sensor_msgs/cmake)
[0.378s] -- Found cv_bridge: 3.2.1 (/opt/ros/humble/share/cv_bridge/cmake)
[0.385s] -- Found CUDA: /usr/local/cuda (found suitable exact version "11.8") 
[0.394s] -- Found tf2_ros: 0.25.12 (/opt/ros/humble/share/tf2_ros/cmake)
[0.459s] -- Found gaussian_interface: 0.0.1 (/home/shadygm/projects/Photo-SLAM-ROS/gaussian_interface/install/gaussian_interface/share/gaussian_interface/cmake)
[0.475s] -- Found CUDA: /usr/local/cuda (found version "11.8") 
[0.475s] -- Caffe2: CUDA detected: 11.8
[0.475s] -- Caffe2: CUDA nvcc is: /usr/local/cuda/bin/nvcc
[0.475s] -- Caffe2: CUDA toolkit directory: /usr/local/cuda
[0.574s] -- Caffe2: Header version is: 11.8
[0.582s] [33mCMake Warning at /libtorch/share/cmake/Caffe2/public/cuda.cmake:166 (message):
[0.583s]   Failed to compute shorthash for libnvrtc.so
[0.583s] Call Stack (most recent call first):
[0.583s]   /libtorch/share/cmake/Caffe2/Caffe2Config.cmake:88 (include)
[0.583s]   /libtorch/share/cmake/Torch/TorchConfig.cmake:68 (find_package)
[0.583s]   CMakeLists.txt:26 (find_package)
[0.583s] 
[0.583s] [0m
[1.594s] -- Autodetected CUDA architecture(s):  8.6
[1.594s] -- Added CUDA NVCC flags for: -gencode;arch=compute_86,code=sm_86
[1.649s] -- librealsense2 not found; RealSense example will be disabled.
[1.708s] -- Configuring done
[1.844s] -- Generating done
[1.866s] -- Build files have been written to: /home/shadygm/projects/Photo-SLAM-ROS/build/photo-slam-ros
[1.876s] Invoked command in '/home/shadygm/projects/Photo-SLAM-ROS/build/photo-slam-ros' returned '0': CMAKE_PREFIX_PATH=${CMAKE_PREFIX_PATH}:/opt/ros/humble /usr/bin/cmake /home/shadygm/projects/Photo-SLAM-ROS -DCMAKE_BUILD_TYPE=Release -DAMENT_CMAKE_SYMLINK_INSTALL=1 -DCMAKE_INSTALL_PREFIX=/home/shadygm/projects/Photo-SLAM-ROS/install/photo-slam-ros
[1.878s] Invoking command in '/home/shadygm/projects/Photo-SLAM-ROS/build/photo-slam-ros': CMAKE_PREFIX_PATH=${CMAKE_PREFIX_PATH}:/opt/ros/humble /usr/bin/cmake --build /home/shadygm/projects/Photo-SLAM-ROS/build/photo-slam-ros -- -j16 -l16
[1.923s] [35m[1mConsolidate compiler generated dependencies of target imgui[0m
[1.927s] [35m[1mConsolidate compiler generated dependencies of target simple_knn[0m
[1.935s] [35m[1mConsolidate compiler generated dependencies of target cuda_rasterizer[0m
[1.941s] [ 17%] Built target imgui
[2.015s] [ 23%] Built target simple_knn
[2.051s] [ 39%] Built target cuda_rasterizer
[2.086s] [35m[1mConsolidate compiler generated dependencies of target gaussian_mapper[0m
[2.272s] [ 41%] [32mBuilding CXX object CMakeFiles/gaussian_mapper.dir/src/gaussian_keyframe.cpp.o[0m
[2.274s] [ 43%] [32mBuilding CXX object CMakeFiles/gaussian_mapper.dir/src/gaussian_model.cpp.o[0m
[2.278s] [ 45%] [32mBuilding CXX object CMakeFiles/gaussian_mapper.dir/src/gaussian_rasterizer.cpp.o[0m
[2.280s] [ 47%] [32mBuilding CXX object CMakeFiles/gaussian_mapper.dir/src/gaussian_renderer.cpp.o[0m
[2.285s] [ 50%] [32mBuilding CXX object CMakeFiles/gaussian_mapper.dir/src/gaussian_scene.cpp.o[0m
[2.295s] [ 52%] [32mBuilding CXX object CMakeFiles/gaussian_mapper.dir/src/gaussian_trainer.cpp.o[0m
[2.298s] [ 56%] [32mBuilding CXX object CMakeFiles/gaussian_mapper.dir/src/gaussian_ros_publisher.cpp.o[0m
[2.298s] [ 56%] [32mBuilding CXX object CMakeFiles/gaussian_mapper.dir/src/gaussian_mapper.cpp.o[0m
[2.778s] [01m[K/home/shadygm/projects/Photo-SLAM-ROS/src/gaussian_ros_publisher.cpp:60:10:[m[K [01;31m[Kfatal error: [m[Krclcpp_components/register_node_macro.hpp: No such file or directory
[2.778s]    60 | #include [01;31m[K"rclcpp_components/register_node_macro.hpp"[m[K
[2.778s]       |          [01;31m[K^~~~~~~~~~~~~~~~~~~~~~~~~~~~~~~~~~~~~~~~~~~[m[K
[2.778s] compilation terminated.
[2.786s] gmake[2]: *** [CMakeFiles/gaussian_mapper.dir/build.make:202: CMakeFiles/gaussian_mapper.dir/src/gaussian_ros_publisher.cpp.o] Error 1
[2.786s] gmake[2]: *** Waiting for unfinished jobs....
[31.826s] gmake[1]: *** [CMakeFiles/Makefile2:238: CMakeFiles/gaussian_mapper.dir/all] Error 2
[31.826s] gmake: *** [Makefile:146: all] Error 2
[31.828s] Invoked command in '/home/shadygm/projects/Photo-SLAM-ROS/build/photo-slam-ros' returned '2': CMAKE_PREFIX_PATH=${CMAKE_PREFIX_PATH}:/opt/ros/humble /usr/bin/cmake --build /home/shadygm/projects/Photo-SLAM-ROS/build/photo-slam-ros -- -j16 -l16
